<?xml version="1.0" encoding="UTF-8"?>
<!-- Generated by org.testng.reporters.JUnitReportReporter -->
<testsuite hostname="Sasikumar" failures="0" tests="1" name="org.yatra.tests.YatraTest" time="34.909" errors="0" timestamp="2025-07-14T13:49:27 IST" skipped="0">
  <testcase classname="org.yatra.tests.YatraTest" name="testTwo" time="34.909"/>
</testsuite> <!-- org.yatra.tests.YatraTest -->
